<?xml version="1.0" encoding="UTF-8"?>
<!-- Generated by org.testng.reporters.JUnitReportReporter -->
<testsuite hostname="DESKTOP-H504DAA" name="com.MobileAutomationDemo.TestCases.GeneralStore_Tc_4" tests="1" failures="0" timestamp="27 May 2022 09:54:34 GMT" time="34.884" errors="0">
  <testcase name="checkingLongPressFunction" time="34.884" classname="com.MobileAutomationDemo.TestCases.GeneralStore_Tc_4"/>
</testsuite> <!-- com.MobileAutomationDemo.TestCases.GeneralStore_Tc_4 -->
