<?xml version="1.0" encoding="UTF-8"?>
<!-- Generated by org.testng.reporters.JUnitReportReporter -->
<testsuite hostname="DESKTOP-H504DAA" name="com.MobileAutomationDemo.TestCases.GeneralStore_Tc_3" tests="1" failures="0" timestamp="27 May 2022 09:22:22 GMT" time="22.668" errors="0">
  <testcase name="validateTotalAmount" time="22.668" classname="com.MobileAutomationDemo.TestCases.GeneralStore_Tc_3"/>
</testsuite> <!-- com.MobileAutomationDemo.TestCases.GeneralStore_Tc_3 -->
