<?xml version="1.0" encoding="UTF-8"?>
<!-- Generated by org.testng.reporters.JUnitReportReporter -->
<testsuite hostname="DESKTOP-N75U7ON" name="com.MobileAutomationDemo.TestCases.GeneralStore_Tc_3" tests="1" failures="0" timestamp="3 Jun 2022 08:06:01 GMT" time="20.121" errors="0">
  <testcase name="validateTotalAmount" time="20.121" classname="com.MobileAutomationDemo.TestCases.GeneralStore_Tc_3"/>
</testsuite> <!-- com.MobileAutomationDemo.TestCases.GeneralStore_Tc_3 -->
