<?xml version="1.0" encoding="UTF-8"?>
<!-- Generated by org.testng.reporters.JUnitReportReporter -->
<testsuite hostname="DESKTOP-N75U7ON" name="com.MobileAutomationDemo.TestCases.GeneralStore_Tc_1" tests="2" failures="0" timestamp="27 May 2022 06:30:51 GMT" time="14.003" errors="0">
  <testcase name="validateToastMessage" time="4.516" classname="com.MobileAutomationDemo.TestCases.GeneralStore_Tc_1"/>
  <testcase name="productsPageNavigation" time="9.487" classname="com.MobileAutomationDemo.TestCases.GeneralStore_Tc_1"/>
</testsuite> <!-- com.MobileAutomationDemo.TestCases.GeneralStore_Tc_1 -->
