<?xml version="1.0" encoding="UTF-8"?>
<!-- Generated by org.testng.reporters.JUnitReportReporter -->
<testsuite hostname="DESKTOP-N75U7ON" name="com.MobileAutomationDemo.TestCases.GeneralStore_Tc_2" tests="1" failures="0" timestamp="27 May 2022 06:30:51 GMT" time="21.964" errors="0">
  <testcase name="validateTotalAmount" time="21.964" classname="com.MobileAutomationDemo.TestCases.GeneralStore_Tc_2"/>
</testsuite> <!-- com.MobileAutomationDemo.TestCases.GeneralStore_Tc_2 -->
