<?xml version="1.0" encoding="UTF-8"?>
<!-- Generated by org.testng.reporters.JUnitReportReporter -->
<testsuite hostname="DESKTOP-H504DAA" name="com.MobileAutomationDemo.TestCases.GeneralStore_Tc_1" tests="2" failures="0" timestamp="27 May 2022 08:30:15 GMT" time="18.528" errors="0">
  <testcase name="productsPageNavigation" time="10.940" classname="com.MobileAutomationDemo.TestCases.GeneralStore_Tc_1"/>
  <testcase name="validateToastMessage" time="7.588" classname="com.MobileAutomationDemo.TestCases.GeneralStore_Tc_1"/>
</testsuite> <!-- com.MobileAutomationDemo.TestCases.GeneralStore_Tc_1 -->
