<?xml version="1.0" encoding="UTF-8"?>
<!-- Generated by org.testng.reporters.JUnitReportReporter -->
<testsuite hostname="DESKTOP-H504DAA" name="com.MobileAutomationDemo.TestCases.GeneralStore_Tc_2" tests="1" failures="0" timestamp="27 May 2022 11:47:00 GMT" time="34.195" errors="0">
  <testcase name="validateAddToCartOption" time="34.195" classname="com.MobileAutomationDemo.TestCases.GeneralStore_Tc_2"/>
</testsuite> <!-- com.MobileAutomationDemo.TestCases.GeneralStore_Tc_2 -->
