<?xml version="1.0" encoding="UTF-8"?>
<!-- Generated by org.testng.reporters.JUnitReportReporter -->
<testsuite hostname="DESKTOP-N75U7ON" name="com.MobileAutomationDemo.TestCases.GeneralStore_Tc_1" tests="2" failures="0" timestamp="27 May 2022 07:07:00 GMT" time="14.148" errors="0">
  <testcase name="productsPageNavigation" time="9.515" classname="com.MobileAutomationDemo.TestCases.GeneralStore_Tc_1"/>
  <testcase name="validateToastMessage" time="4.633" classname="com.MobileAutomationDemo.TestCases.GeneralStore_Tc_1"/>
</testsuite> <!-- com.MobileAutomationDemo.TestCases.GeneralStore_Tc_1 -->
