<?xml version="1.0" encoding="UTF-8"?>
<!-- Generated by org.testng.reporters.JUnitReportReporter -->
<testsuite hostname="DESKTOP-N75U7ON" name="com.MobileAutomationDemo.TestCases.GeneralStore_Tc_1" tests="2" failures="0" timestamp="30 May 2022 06:18:36 GMT" time="14.834" errors="0">
  <testcase name="validateToastMessage" time="4.634" classname="com.MobileAutomationDemo.TestCases.GeneralStore_Tc_1"/>
  <testcase name="productsPageNavigation" time="10.200" classname="com.MobileAutomationDemo.TestCases.GeneralStore_Tc_1"/>
</testsuite> <!-- com.MobileAutomationDemo.TestCases.GeneralStore_Tc_1 -->
