<?xml version="1.0" encoding="UTF-8"?>
<!-- Generated by org.testng.reporters.JUnitReportReporter -->
<testsuite hostname="DESKTOP-N75U7ON" name="com.AppiumFramework.TestCases.Ecommerce_Tc_2" tests="1" failures="0" timestamp="25 May 2022 19:28:58 GMT" time="18.734" errors="0">
  <testcase name="validateTotalAmount" time="18.734" classname="com.AppiumFramework.TestCases.Ecommerce_Tc_2"/>
</testsuite> <!-- com.AppiumFramework.TestCases.Ecommerce_Tc_2 -->
