<?xml version="1.0" encoding="UTF-8"?>
<!-- Generated by org.testng.reporters.JUnitReportReporter -->
<testsuite hostname="DESKTOP-N75U7ON" name="com.MobileAutomationDemo.TestCases.GeneralStore_Tc_2" tests="1" failures="0" timestamp="27 May 2022 07:07:00 GMT" time="22.577" errors="0">
  <testcase name="validateAddToCartOption" time="22.577" classname="com.MobileAutomationDemo.TestCases.GeneralStore_Tc_2"/>
</testsuite> <!-- com.MobileAutomationDemo.TestCases.GeneralStore_Tc_2 -->
