<?xml version="1.0" encoding="UTF-8"?>
<!-- Generated by org.testng.reporters.JUnitReportReporter -->
<testsuite hostname="DESKTOP-N75U7ON" name="com.MobileAutomationDemo.TestCases.GeneralStore_Tc_1" tests="2" failures="0" timestamp="3 Jun 2022 08:06:01 GMT" time="15.678" errors="0">
  <testcase name="validateToastMessage" time="4.979" classname="com.MobileAutomationDemo.TestCases.GeneralStore_Tc_1"/>
  <testcase name="productsPageNavigation" time="10.699" classname="com.MobileAutomationDemo.TestCases.GeneralStore_Tc_1"/>
</testsuite> <!-- com.MobileAutomationDemo.TestCases.GeneralStore_Tc_1 -->
